<?xml version="1.0" encoding="UTF-8"?>
<testsuite xmlns:xsi="http://www.w3.org/2001/XMLSchema-instance" xsi:noNamespaceSchemaLocation="https://maven.apache.org/surefire/maven-surefire-plugin/xsd/surefire-test-report.xsd" version="3.0.2" name="org.locations.eventspheremvc.EventSphereMvcApplicationTests" time="2.74" tests="1" errors="0" skipped="0" failures="0">
  <properties>
[...]
</properties>
  <testcase name="contextLoads" classname="org.locations.eventspheremvc.EventSphereMvcApplicationTests" time="0.6">
    <system-out><![CDATA[09:39:00.071 [main] INFO org.springframework.test.context.support.AnnotationConfigContextLoaderUtils -- Could not detect default configuration classes for test class [org.locations.eventspheremvc.EventSphereMvcApplicationTests]: EventSphereMvcApplicationTests does not declare any static, non-private, non-final, nested classes annotated with @Configuration.
09:39:00.184 [main] INFO org.springframework.boot.test.context.SpringBootTestContextBootstrapper -- Found @SpringBootConfiguration org.locations.eventspheremvc.EventSphereMvcApplication for test class org.locations.eventspheremvc.EventSphereMvcApplicationTests
09:39:00.336 [main] INFO org.springframework.boot.devtools.restart.RestartApplicationListener -- Restart disabled due to context in which it is running

  .   ____          _            __ _ _
 /\\ / ___'_ __ _ _(_)_ __  __ _ \ \ \ \
( ( )\___ | '_ | '_| | '_ \/ _` | \ \ \ \
 \\/  ___)| |_)| | | | | || (_| |  ) ) ) )
  '  |____| .__|_| |_|_| |_\__, | / / / /
 =========|_|==============|___/=/_/_/_/

 :: Spring Boot ::                (v3.4.5)

2025-05-07T09:39:00.569+02:00  INFO 14044 --- [EventSphereMVC] [           main] o.l.e.EventSphereMvcApplicationTests     : Starting EventSphereMvcApplicationTests using Java 20.0.2 with PID 14044 (started by Czarny in C:\Users\Czarny\IdeaProjects\EventSphereProj\EventSphereMVC)
2025-05-07T09:39:00.571+02:00  INFO 14044 --- [EventSphereMVC] [           main] o.l.e.EventSphereMvcApplicationTests     : No active profile set, falling back to 1 default profile: "default"
2025-05-07T09:39:01.542+02:00  INFO 14044 --- [EventSphereMVC] [           main] r$InitializeUserDetailsManagerConfigurer : Global AuthenticationManager configured with UserDetailsService bean with name customUserDetailsService
2025-05-07T09:39:01.597+02:00  INFO 14044 --- [EventSphereMVC] [           main] o.s.b.a.w.s.WelcomePageHandlerMapping    : Adding welcome page template: index
2025-05-07T09:39:02.059+02:00  INFO 14044 --- [EventSphereMVC] [           main] o.l.e.EventSphereMvcApplicationTests     : Started EventSphereMvcApplicationTests in 1.735 seconds (process running for 2.592)
]]></system-out>
  </testcase>
</testsuite>