<?xml version="1.0" encoding="UTF-8"?>
<testsuite xmlns:xsi="http://www.w3.org/2001/XMLSchema-instance" xsi:noNamespaceSchemaLocation="https://maven.apache.org/surefire/maven-surefire-plugin/xsd/surefire-test-report.xsd" version="3.0.2" name="org.locations.eventsphere.EventSphereApplicationTests" time="6.069" tests="1" errors="0" skipped="0" failures="0">
  <properties>
[...]
</properties>
  <testcase name="contextLoads" classname="org.locations.eventsphere.EventSphereApplicationTests" time="0.336">
    <system-out><![CDATA[13:46:22.082 [main] INFO org.springframework.test.context.support.AnnotationConfigContextLoaderUtils -- Could not detect default configuration classes for test class [org.locations.eventsphere.EventSphereApplicationTests]: EventSphereApplicationTests does not declare any static, non-private, non-final, nested classes annotated with @Configuration.
13:46:22.206 [main] INFO org.springframework.boot.test.context.SpringBootTestContextBootstrapper -- Found @SpringBootConfiguration org.locations.eventsphere.EventSphereApplication for test class org.locations.eventsphere.EventSphereApplicationTests

  .   ____          _            __ _ _
 /\\ / ___'_ __ _ _(_)_ __  __ _ \ \ \ \
( ( )\___ | '_ | '_| | '_ \/ _` | \ \ \ \
 \\/  ___)| |_)| | | | | || (_| |  ) ) ) )
  '  |____| .__|_| |_|_| |_\__, | / / / /
 =========|_|==============|___/=/_/_/_/

 :: Spring Boot ::                (v3.4.5)

2025-04-28T13:46:22.573+02:00  INFO 19508 --- [EventSphere] [           main] o.l.e.EventSphereApplicationTests        : Starting EventSphereApplicationTests using Java 20.0.2 with PID 19508 (started by Czarny in C:\Users\Czarny\IdeaProjects\EventSphereProj\EventSphere)
2025-04-28T13:46:22.575+02:00  INFO 19508 --- [EventSphere] [           main] o.l.e.EventSphereApplicationTests        : No active profile set, falling back to 1 default profile: "default"
2025-04-28T13:46:23.157+02:00  INFO 19508 --- [EventSphere] [           main] .s.d.r.c.RepositoryConfigurationDelegate : Bootstrapping Spring Data JPA repositories in DEFAULT mode.
2025-04-28T13:46:23.227+02:00  INFO 19508 --- [EventSphere] [           main] .s.d.r.c.RepositoryConfigurationDelegate : Finished Spring Data repository scanning in 59 ms. Found 4 JPA repository interfaces.
2025-04-28T13:46:24.491+02:00  INFO 19508 --- [EventSphere] [           main] o.f.core.internal.command.DbValidate     : Successfully validated 2 migrations (execution time 00:00.033s)
2025-04-28T13:46:24.554+02:00  INFO 19508 --- [EventSphere] [           main] o.f.core.internal.command.DbMigrate      : Current version of schema "EVENTADMIN": 1
2025-04-28T13:46:24.558+02:00  INFO 19508 --- [EventSphere] [           main] o.f.core.internal.command.DbMigrate      : Schema "EVENTADMIN" is up to date. No migration necessary.
2025-04-28T13:46:24.637+02:00  INFO 19508 --- [EventSphere] [           main] o.hibernate.jpa.internal.util.LogHelper  : HHH000204: Processing PersistenceUnitInfo [name: default]
2025-04-28T13:46:24.694+02:00  INFO 19508 --- [EventSphere] [           main] org.hibernate.Version                    : HHH000412: Hibernate ORM core version 6.6.13.Final
2025-04-28T13:46:24.723+02:00  INFO 19508 --- [EventSphere] [           main] o.h.c.internal.RegionFactoryInitiator    : HHH000026: Second-level cache disabled
2025-04-28T13:46:24.947+02:00  INFO 19508 --- [EventSphere] [           main] o.s.o.j.p.SpringPersistenceUnitInfo      : No LoadTimeWeaver setup: ignoring JPA class transformer
2025-04-28T13:46:24.973+02:00  INFO 19508 --- [EventSphere] [           main] com.zaxxer.hikari.HikariDataSource       : HikariPool-1 - Starting...
2025-04-28T13:46:25.018+02:00  INFO 19508 --- [EventSphere] [           main] com.zaxxer.hikari.pool.HikariPool        : HikariPool-1 - Added connection oracle.jdbc.driver.T4CConnection@53ddabc6
2025-04-28T13:46:25.019+02:00  INFO 19508 --- [EventSphere] [           main] com.zaxxer.hikari.HikariDataSource       : HikariPool-1 - Start completed.
2025-04-28T13:46:25.089+02:00  INFO 19508 --- [EventSphere] [           main] org.hibernate.orm.connections.pooling    : HHH10001005: Database info:
	Database JDBC URL [Connecting through datasource 'HikariDataSource (HikariPool-1)']
	Database driver: undefined/unknown
	Database version: 21.3
	Autocommit mode: undefined/unknown
	Isolation level: undefined/unknown
	Minimum pool size: undefined/unknown
	Maximum pool size: undefined/unknown
2025-04-28T13:46:25.983+02:00  INFO 19508 --- [EventSphere] [           main] o.h.e.t.j.p.i.JtaPlatformInitiator       : HHH000489: No JTA platform available (set 'hibernate.transaction.jta.platform' to enable JTA platform integration)
2025-04-28T13:46:26.300+02:00  INFO 19508 --- [EventSphere] [           main] j.LocalContainerEntityManagerFactoryBean : Initialized JPA EntityManagerFactory for persistence unit 'default'
2025-04-28T13:46:26.550+02:00  INFO 19508 --- [EventSphere] [           main] o.s.d.j.r.query.QueryEnhancerFactory     : Hibernate is in classpath; If applicable, HQL parser will be used.
2025-04-28T13:46:27.353+02:00  WARN 19508 --- [EventSphere] [           main] JpaBaseConfiguration$JpaWebConfiguration : spring.jpa.open-in-view is enabled by default. Therefore, database queries may be performed during view rendering. Explicitly configure spring.jpa.open-in-view to disable this warning
2025-04-28T13:46:27.668+02:00  INFO 19508 --- [EventSphere] [           main] o.l.e.EventSphereApplicationTests        : Started EventSphereApplicationTests in 5.32 seconds (process running for 6.144)
]]></system-out>
  </testcase>
</testsuite>